<?xml version="1.0" encoding="UTF-8" ?>
<testsuite failures="0" time="3.002" errors="0" skipped="0" tests="50" name="TestSuite">
  <properties>
[...]
</properties>
  <testcase time="0.002" classname="tests.MessageSystemTests.AddressServiceImplTest" name="testGetSetAddress"/>
  <testcase time="0" classname="tests.UtilsTests.ContextTest" name="testAddGet"/>
  <testcase time="0.001" classname="tests.DatabaseTests.DatabaseServiceMockTest" name="testGetSetName"/>
  <testcase time="0" classname="tests.ResourceTests.DbConnectionResourceTest" name="testHibernateDialect"/>
  <testcase time="0" classname="tests.ResourceTests.DbConnectionResourceTest" name="testSetDriver"/>
  <testcase time="0" classname="tests.ResourceTests.DbConnectionResourceTest" name="testSetHibernateHbm2ddlAuto"/>
  <testcase time="0" classname="tests.ResourceTests.DbConnectionResourceTest" name="testSetPassword"/>
  <testcase time="0" classname="tests.ResourceTests.DbConnectionResourceTest" name="testSetURL"/>
  <testcase time="0" classname="tests.ResourceTests.DbConnectionResourceTest" name="testSetUsername"/>
  <testcase time="0.008" classname="tests.FrontendTests.FrontendImplTest" name="testDoAuthentification"/>
  <testcase time="0" classname="tests.FrontendTests.FrontendImplTest" name="testGetAddress"/>
  <testcase time="0.001" classname="tests.FrontendTests.FrontendImplTest" name="testGetName"/>
  <testcase time="0.003" classname="tests.FrontendTests.FrontendImplTest" name="testHandle"/>
  <testcase time="0" classname="tests.FrontendTests.FrontendImplTest" name="testSetName"/>
  <testcase time="0.001" classname="tests.FrontendTests.FrontendImplTest" name="testShowStartedGame"/>
  <testcase time="0.008" classname="tests.FrontendTests.FrontendImplTest" name="testStartGame"/>
  <testcase time="0" classname="tests.FrontendTests.FrontendImplTest" name="testUpdateUserId"/>
  <testcase time="0" classname="tests.GameMechanicTests.GameMechanicsImplTest" name="testGetAddress"/>
  <testcase time="0" classname="tests.GameMechanicTests.GameMechanicsImplTest" name="testGetSetName"/>
  <testcase time="0.002" classname="tests.GameMechanicTests.GameMechanicsImplTest" name="testStartGame"/>
  <testcase time="0" classname="tests.GameMechanicTests.GameSessionTest" name="testGameSession"/>
  <testcase time="0.001" classname="tests.MessageSystemTests.MsgAddUserIdTest" name="testCreateMsg"/>
  <testcase time="0" classname="tests.MessageSystemTests.MsgGameStartedTest" name="testCreateMsgGameStarted"/>
  <testcase time="0" classname="tests.MessageSystemTests.MsgGetUserIdTest" name="testCreateMsgGetUser"/>
  <testcase time="0" classname="tests.MessageSystemTests.MsgStartGameTest" name="testMsgStartGame"/>
  <testcase time="0" classname="tests.MessageSystemTests.MsgUpdateUserIdTest" name="testCreateMsgUserUpdate"/>
  <testcase time="0.006" classname="tests.FrontendTests.PageGeneratorImplTest" name="testGenerateGamePage"/>
  <testcase time="0.005" classname="tests.FrontendTests.PageGeneratorImplTest" name="testGenerateResponsePage"/>
  <testcase time="0.005" classname="tests.FrontendTests.PageGeneratorImplTest" name="testGenerateResponseRegistrPage"/>
  <testcase time="0.009" classname="tests.UtilsTests.ReflectionHelperTest" name="testCreateInstance"/>
  <testcase time="0" classname="tests.UtilsTests.ReflectionHelperTest" name="testSetFieldValue"/>
  <testcase time="0.002" classname="tests.ResourceTests.ResourceSystemImplTest" name="testGetResource"/>
  <testcase time="0.002" classname="tests.ResourceTests.ResourceSystemImplTest" name="testLoadResources"/>
  <testcase time="0.002" classname="tests.FrontendTests.UserSessionTest" name="createUserSessionTest"/>
  <testcase time="0.001" classname="tests.DatabaseTests.UsersDataSetTest" name="testGetId"/>
  <testcase time="0" classname="tests.DatabaseTests.UsersDataSetTest" name="testGetName"/>
  <testcase time="0" classname="tests.MessageSystemTests.MsgClickTest" name="testMsgClickCreate"/>
  <testcase time="0" classname="tests.UtilsTests.LongIdTest" name="testEquals"/>
  <testcase time="0" classname="tests.UtilsTests.LongIdTest" name="testGetLong"/>
  <testcase time="0" classname="tests.UtilsTests.LongIdTest" name="testHashCode"/>
  <testcase time="0" classname="tests.MessageSystemTests.MessageSystemImplTest" name="testSendMessage"/>
  <testcase time="0" classname="tests.MessageSystemTests.MessageSystemImplTest" name="testAddServiceAndGetQueue"/>
  <testcase time="0.002" classname="tests.UtilsTests.VFSImplTest" name="testGetBytes"/>
  <testcase time="0.002" classname="tests.UtilsTests.VFSImplTest" name="testGetUTF8Text"/>
  <testcase time="0" classname="tests.UtilsTests.VFSImplTest" name="testFileIterator"/>
  <testcase time="0" classname="tests.UtilsTests.VFSImplTest" name="testMainFunctions"/>
  <testcase time="1.001" classname="tests.DatabaseTests.DatabaseServiceMockTest" name="testAddUser"/>
  <testcase time="1.001" classname="tests.DatabaseTests.DatabaseServiceMockTest" name="testFindUser"/>
  <testcase time="0" classname="tests.FrontendTests.FrontendImplTest" name="testReplicateFromGM"/>
  <testcase time="0" classname="tests.GameMechanicTests.GameMechanicsImplTest" name="testDoProgress"/>
</testsuite>