<?xml version="1.0" encoding="UTF-8"?>
<!-- Generated by org.testng.reporters.JUnitXMLReporter -->
<testsuite hostname="maydar-N56VZ" name="Command line test" tests="50" failures="0" timestamp="23 Oct 2013 16:53:52 GMT" time="2.463" errors="0">
  <testcase name="testGetSetAddress" time="0.002" classname="tests.MessageSystemTests.AddressServiceImplTest"/>
  <testcase name="testAddGet" time="0.0" classname="tests.UtilsTests.ContextTest"/>
  <testcase name="testGetSetName" time="0.001" classname="tests.DatabaseTests.DatabaseServiceMockTest"/>
  <testcase name="testHibernateDialect" time="0.0" classname="tests.ResourceTests.DbConnectionResourceTest"/>
  <testcase name="testSetDriver" time="0.0" classname="tests.ResourceTests.DbConnectionResourceTest"/>
  <testcase name="testSetHibernateHbm2ddlAuto" time="0.001" classname="tests.ResourceTests.DbConnectionResourceTest"/>
  <testcase name="testSetPassword" time="0.0" classname="tests.ResourceTests.DbConnectionResourceTest"/>
  <testcase name="testSetURL" time="0.0" classname="tests.ResourceTests.DbConnectionResourceTest"/>
  <testcase name="testSetUsername" time="0.001" classname="tests.ResourceTests.DbConnectionResourceTest"/>
  <testcase name="testDoAuthentification" time="0.008" classname="tests.FrontendTests.FrontendImplTest"/>
  <testcase name="testGetAddress" time="0.001" classname="tests.FrontendTests.FrontendImplTest"/>
  <testcase name="testGetName" time="0.0" classname="tests.FrontendTests.FrontendImplTest"/>
  <testcase name="testHandle" time="0.003" classname="tests.FrontendTests.FrontendImplTest"/>
  <testcase name="testSetName" time="0.0" classname="tests.FrontendTests.FrontendImplTest"/>
  <testcase name="testShowStartedGame" time="0.001" classname="tests.FrontendTests.FrontendImplTest"/>
  <testcase name="testStartGame" time="0.008" classname="tests.FrontendTests.FrontendImplTest"/>
  <testcase name="testUpdateUserId" time="0.0" classname="tests.FrontendTests.FrontendImplTest"/>
  <testcase name="testGetAddress" time="0.0" classname="tests.GameMechanicTests.GameMechanicsImplTest"/>
  <testcase name="testGetSetName" time="0.0" classname="tests.GameMechanicTests.GameMechanicsImplTest"/>
  <testcase name="testStartGame" time="0.003" classname="tests.GameMechanicTests.GameMechanicsImplTest"/>
  <testcase name="testGameSession" time="0.0" classname="tests.GameMechanicTests.GameSessionTest"/>
  <testcase name="testCreateMsg" time="0.001" classname="tests.MessageSystemTests.MsgAddUserIdTest"/>
  <testcase name="testCreateMsgGameStarted" time="0.0" classname="tests.MessageSystemTests.MsgGameStartedTest"/>
  <testcase name="testCreateMsgGetUser" time="0.0" classname="tests.MessageSystemTests.MsgGetUserIdTest"/>
  <testcase name="testMsgStartGame" time="0.0" classname="tests.MessageSystemTests.MsgStartGameTest"/>
  <testcase name="testCreateMsgUserUpdate" time="0.0" classname="tests.MessageSystemTests.MsgUpdateUserIdTest"/>
  <testcase name="testGenerateGamePage" time="0.006" classname="tests.FrontendTests.PageGeneratorImplTest"/>
  <testcase name="testGenerateResponsePage" time="0.006" classname="tests.FrontendTests.PageGeneratorImplTest"/>
  <testcase name="testGenerateResponseRegistrPage" time="0.005" classname="tests.FrontendTests.PageGeneratorImplTest"/>
  <testcase name="testCreateInstance" time="0.009" classname="tests.UtilsTests.ReflectionHelperTest"/>
  <testcase name="testSetFieldValue" time="0.0" classname="tests.UtilsTests.ReflectionHelperTest"/>
  <testcase name="testGetResource" time="0.002" classname="tests.ResourceTests.ResourceSystemImplTest"/>
  <testcase name="testLoadResources" time="0.002" classname="tests.ResourceTests.ResourceSystemImplTest"/>
  <testcase name="createUserSessionTest" time="0.002" classname="tests.FrontendTests.UserSessionTest"/>
  <testcase name="testGetId" time="0.001" classname="tests.DatabaseTests.UsersDataSetTest"/>
  <testcase name="testGetName" time="0.0" classname="tests.DatabaseTests.UsersDataSetTest"/>
  <testcase name="testMsgClickCreate" time="0.0" classname="tests.MessageSystemTests.MsgClickTest"/>
  <testcase name="testEquals" time="0.001" classname="tests.UtilsTests.LongIdTest"/>
  <testcase name="testGetLong" time="0.0" classname="tests.UtilsTests.LongIdTest"/>
  <testcase name="testHashCode" time="0.0" classname="tests.UtilsTests.LongIdTest"/>
  <testcase name="testSendMessage" time="0.0" classname="tests.MessageSystemTests.MessageSystemImplTest"/>
  <testcase name="testAddServiceAndGetQueue" time="0.0" classname="tests.MessageSystemTests.MessageSystemImplTest"/>
  <testcase name="testGetBytes" time="0.002" classname="tests.UtilsTests.VFSImplTest"/>
  <testcase name="testGetUTF8Text" time="0.001" classname="tests.UtilsTests.VFSImplTest"/>
  <testcase name="testFileIterator" time="0.0" classname="tests.UtilsTests.VFSImplTest"/>
  <testcase name="testMainFunctions" time="0.0" classname="tests.UtilsTests.VFSImplTest"/>
  <testcase name="testAddUser" time="1.001" classname="tests.DatabaseTests.DatabaseServiceMockTest"/>
  <testcase name="testFindUser" time="1.0" classname="tests.DatabaseTests.DatabaseServiceMockTest"/>
  <testcase name="testReplicateFromGM" time="0.001" classname="tests.FrontendTests.FrontendImplTest"/>
  <testcase name="testDoProgress" time="0.001" classname="tests.GameMechanicTests.GameMechanicsImplTest"/>
</testsuite> <!-- Command line test -->
